Analysis for 2012-04-21
company_A 2012-04-07
company_A
company_AAPL 2012-04-07
company_AAPL
company_AATI 2012-04-07
company_AATI
company_ABTL 2012-04-07
company_ABTL
company_ABVT 2012-04-07
company_ABVT
company_ACCL 2012-04-07
company_ACCL
company_ACFN 2012-04-07
company_ACFN
company_ACIW 2012-04-07
company_ACIW
company_ACLS 2012-04-07
company_ACLS
company_ACOM 2012-04-07
company_ACOM
company_ACTS 2012-04-07
company_ACTS
company_ACTT_PK 2012-04-07
company_ACTT_PK
company_ACTV 2012-04-07
company_ACTV
company_ACXM 2012-04-07
company_ACXM
company_ADAT 2012-04-07
company_ADAT
company_ADBE 2012-04-07
company_ADBE
company_ADI 2012-04-07
company_ADI
company_ADP 2012-04-07
company_ADP
company_ADSK 2012-04-07
company_ADSK
company_ADSV_PK 2012-04-07
company_ADSV_PK
company_ADTN 2012-04-07
company_ADTN
company_ADVC_OB 2012-04-07
company_ADVC_OB
company_ADVS 2012-04-07
company_ADVS
company_AEHR 2012-04-07
company_AEHR
company_AEIS 2012-04-07
company_AEIS
company_AERG 2012-04-07
company_AERG
company_AFFX 2012-04-07
company_AFFX
company_AFOP 2012-04-07
company_AFOP
company_AGYS 2012-04-07
company_AGYS
company_AIFS_PK 2012-04-07
company_AIFS_PK
company_AKAM 2012-04-07
company_AKAM
company_ALAN_OB 2012-04-07
company_ALAN_OB
company_ALLN_PK 2012-04-07
company_ALLN_PK
company_ALLT 2012-04-07
company_ALLT
company_ALOG 2012-04-07
company_ALOG
company_ALOT 2012-04-07
company_ALOT
company_ALSK 2012-04-07
company_ALSK
company_ALTR 2012-04-07
company_ALTR
company_ALU 2012-04-07
company_ALU
company_ALVR 2012-04-07
company_ALVR
company_AMAP 2012-04-07
company_AMAP
company_AMAT 2012-04-07
company_AMAT
company_AMCC 2012-04-07
company_AMCC
company_AMD 2012-04-07
company_AMD
company_AMKR 2012-04-07
company_AMKR
company_AMOT 2012-04-07
company_AMOT
company_AMSC 2012-04-07
company_AMSC
company_AMSWA 2012-04-07
company_AMSWA
company_AMT 2012-04-07
company_AMT
company_AMX 2012-04-07
company_AMX
company_ANAD 2012-04-07
company_ANAD
company_ANDR_OB 2012-04-07
company_ANDR_OB
company_ANEN 2012-04-07
company_ANEN
company_ANLY 2012-04-07
company_ANLY
company_ANSS 2012-04-07
company_ANSS
company_ANTP 2012-04-07
company_ANTP
company_ANTS_PK 2012-04-07
company_ANTS_PK
company_AOL 2012-04-07
company_AOL
company_AOSL 2012-04-07
company_AOSL
company_APCX_PK 2012-04-07
company_APCX_PK
company_APH 2012-04-07
company_APH
company_API 2012-04-07
company_API
company_APKT 2012-04-07
company_APKT
company_APNT_OB 2012-04-07
company_APNT_OB
company_APYI_PK 2012-04-07
company_APYI_PK
company_ARBA 2012-04-07
company_ARBA
company_ARC 2012-04-07
company_ARC
company_ARCW 2012-04-07
company_ARCW
company_ARIO_PK 2012-04-07
company_ARIO_PK
company_ARRS 2012-04-07
company_ARRS
company_ARUN 2012-04-07
company_ARUN
company_ARX 2012-04-07
company_ARX
company_ASIA 2012-04-07
company_ASIA
company_ASTI 2012-04-07
company_ASTI
company_ASUR 2012-04-07
company_ASUR
company_ASX 2012-04-07
company_ASX
company_ASYS 2012-04-07
company_ASYS
company_ATE 2012-04-07
company_ATE
company_ATEA 2012-04-07
company_ATEA
company_ATMI 2012-04-07
company_ATMI
company_ATML 2012-04-07
company_ATML
company_ATNI 2012-04-07
company_ATNI
company_ATNY 2012-04-07
company_ATNY
company_ATRM 2012-04-07
company_ATRM
company_ATRN 2012-04-07
company_ATRN
company_ATSC 2012-04-07
company_ATSC
company_ATTUF_OB 2012-04-07
company_ATTUF_OB
company_ATVI 2012-04-07
company_ATVI
company_AUDC 2012-04-07
company_AUDC
company_AUO 2012-04-07
company_AUO
company_AUTH 2012-04-07
company_AUTH
company_AUTNF_PK 2012-04-07
company_AUTNF_PK
company_AVGG_OB 2012-04-07
company_AVGG_OB
company_AVGO 2012-04-07
company_AVGO
company_AVID 2012-04-07
company_AVID
company_AVNW 2012-04-07
company_AVNW
company_AVSR_PK 2012-04-07
company_AVSR_PK
company_AVX 2012-04-07
company_AVX
company_AWAY 2012-04-07
company_AWAY
company_AWRE 2012-04-07
company_AWRE
company_AXTI 2012-04-07
company_AXTI
company_AYI 2012-04-07
company_AYI
company_AZPN 2012-04-07
company_AZPN
company_BBND 2012-04-07
company_BBND
company_BBOX 2012-04-07
company_BBOX
company_BCAS_PK 2012-04-07
company_BCAS_PK
company_BCDS 2012-04-07
company_BCDS
company_BCE 2012-04-07
company_BCE
company_BCOM 2012-04-07
company_BCOM
company_BCSI 2012-04-07
company_BCSI
company_BCST_OB 2012-04-07
company_BCST_OB
company_BDR 2012-04-07
company_BDR
company_BDTE_PK 2012-04-07
company_BDTE_PK
company_BELFB 2012-04-07
company_BELFB
company_BGAT_OB 2012-04-07
company_BGAT_OB
company_BHE 2012-04-07
company_BHE
company_BIDU 2012-04-07
company_BIDU
company_BIO 2012-04-07
company_BIO
company_BIRT 2012-04-07
company_BIRT
company_BITA 2012-04-07
company_BITA
company_BITS 2012-04-07
company_BITS
company_BKYI_OB 2012-04-07
company_BKYI_OB
company_BLIN 2012-04-07
company_BLIN
company_BLKB 2012-04-07
company_BLKB
company_BLLI_PK 2012-04-07
company_BLLI_PK
company_BMC 2012-04-07
company_BMC
company_BMI 2012-04-07
company_BMI
company_BNX 2012-04-07
company_BNX
company_BOSC 2012-04-07
company_BOSC
company_BPHX 2012-04-07
company_BPHX
company_BR 2012-04-07
company_BR
company_BRCD 2012-04-07
company_BRCD
company_BRCM 2012-04-07
company_BRCM
company_BRKR 2012-04-07
company_BRKR
company_BRKS 2012-04-07
company_BRKS
company_BSFT 2012-04-07
company_BSFT
company_BSQR 2012-04-07
company_BSQR
company_BSYBY_PK 2012-04-07
company_BSYBY_PK
company_BT 2012-04-07
company_BT
company_BTM 2012-04-07
company_BTM
company_BTUI 2012-04-07
company_BTUI
company_BVSN 2012-04-07
company_BVSN
company_BWEBF_PK 2012-04-07
company_BWEBF_PK
company_BYI 2012-04-07
company_BYI
company_CA 2012-04-07
company_CA
company_CABLF_OB 2012-04-07
company_CABLF_OB
company_CADV_OB 2012-04-07
company_CADV_OB
company_CALD 2012-04-07
company_CALD
company_CALL 2012-04-07
company_CALL
company_CALP 2012-04-07
company_CALP
company_CALX 2012-04-07
company_CALX
company_CAMP 2012-04-07
company_CAMP
company_CAMT 2012-04-07
company_CAMT
company_CAVM 2012-04-07
company_CAVM
company_CBB 2012-04-07
company_CBB
company_CBEY 2012-04-07
company_CBEY
company_CBR 2012-04-07
company_CBR
company_CCI 2012-04-07
company_CCI
company_CCIH 2012-04-07
company_CCIH
company_CCMP 2012-04-07
company_CCMP
company_CCOI 2012-04-07
company_CCOI
company_CCTR_PK 2012-04-07
company_CCTR_PK
company_CCUR 2012-04-07
company_CCUR
company_CDCS 2012-04-07
company_CDCS
company_CDMAD_PK 2012-04-07
company_CDMAD_PK
company_CDNS 2012-04-07
company_CDNS
company_CEHC_OB 2012-04-07
company_CEHC_OB
company_CEL 2012-04-07
company_CEL
company_CERN 2012-04-07
company_CERN
company_CEVA 2012-04-07
company_CEVA
company_CGNX 2012-04-07
company_CGNX
company_CGUD_PK 2012-04-07
company_CGUD_PK
company_CHA 2012-04-07
company_CHA
company_CHINA 2012-04-07
company_CHINA
company_CHKP 2012-04-07
company_CHKP
company_CHL 2012-04-07
company_CHL
company_CHT 2012-04-07
company_CHT
company_CHU 2012-04-07
company_CHU
company_CHYR 2012-04-07
company_CHYR
company_CICI_OB 2012-04-07
company_CICI_OB
company_CICN_OB 2012-04-07
company_CICN_OB
company_CIEN 2012-04-07
company_CIEN
company_CIMT 2012-04-07
company_CIMT
company_CIRC_OB 2012-04-07
company_CIRC_OB
company_CIS 2012-04-07
company_CIS
company_CITC_PK 2012-04-07
company_CITC_PK
company_CKSW 2012-04-07
company_CKSW
company_CLAI_PK 2012-04-07
company_CLAI_PK
company_CLFD 2012-04-07
company_CLFD
company_CLKZ_PK 2012-04-07
company_CLKZ_PK
company_CLRO 2012-04-07
company_CLRO
company_CLS 2012-04-07
company_CLS
company_CLSI_PK 2012-04-07
company_CLSI_PK
company_CLTY_PK 2012-04-07
company_CLTY_PK
company_CLTZF_PK 2012-04-07
company_CLTZF_PK
company_CLWR 2012-04-07
company_CLWR
company_CMPD_PK 2012-04-07
company_CMPD_PK
company_CMRO_PK 2012-04-07
company_CMRO_PK
company_CMTL 2012-04-07
company_CMTL
company_CMVT 2012-04-07
company_CMVT
company_CNIT 2012-04-07
company_CNIT
company_CNLG_PK 2012-04-07
company_CNLG_PK
company_CNQR 2012-04-07
company_CNQR
company_CNSL 2012-04-07
company_CNSL
company_CNTF 2012-04-07
company_CNTF
company_CNUV_PK 2012-04-07
company_CNUV_PK
company_CNVO 2012-04-07
company_CNVO
company_CODE 2012-04-07
company_CODE
company_COGO 2012-04-07
company_COGO
company_COHR 2012-04-07
company_COHR
company_COHU 2012-04-07
company_COHU
company_COMV 2012-04-07
company_COMV
company_COOL 2012-04-07
company_COOL
company_COPY_OB 2012-04-07
company_COPY_OB
company_COVR 2012-04-07
company_COVR
company_CPHD 2012-04-07
company_CPHD
company_CPSH_OB 2012-04-07
company_CPSH_OB
company_CPSI 2012-04-07
company_CPSI
company_CPWR 2012-04-07
company_CPWR
company_CPYE_PK 2012-04-07
company_CPYE_PK
company_CRAY 2012-04-07
company_CRAY
company_CRDS 2012-04-07
company_CRDS
company_CREE 2012-04-07
company_CREE
company_CRM 2012-04-07
company_CRM
company_CRNT 2012-04-07
company_CRNT
company_CRUS 2012-04-07
company_CRUS
company_CRYP 2012-04-07
company_CRYP
company_CSC 2012-04-07
company_CSC
company_CSCO 2012-04-07
company_CSCO
company_CSGS 2012-04-07
company_CSGS
company_CSIQ 2012-04-07
company_CSIQ
company_CSLR_PK 2012-04-07
company_CSLR_PK
company_CSOD 2012-04-07
company_CSOD
company_CSPI 2012-04-07
company_CSPI
company_CSUN 2012-04-07
company_CSUN
company_CTCH 2012-04-07
company_CTCH
company_CTEL 2012-04-07
company_CTEL
company_CTFO 2012-04-07
company_CTFO
company_CTGX 2012-04-07
company_CTGX
company_CTIG_PK 2012-04-07
company_CTIG_PK
company_CTL 2012-04-07
company_CTL
company_CTMMA_PK 2012-04-07
company_CTMMA_PK
company_CTORF_OB 2012-04-07
company_CTORF_OB
company_CTS 2012-04-07
company_CTS
company_CTSH 2012-04-07
company_CTSH
company_CTXS 2012-04-07
company_CTXS
company_CUB 2012-04-07
company_CUB
company_CVG 2012-04-07
company_CVG
company_CVLT 2012-04-07
company_CVLT
company_CY 2012-04-07
company_CY
company_CYBE 2012-04-07
company_CYBE
company_CYDE 2012-04-07
company_CYDE
company_CYMI 2012-04-07
company_CYMI
company_CYOU 2012-04-07
company_CYOU
company_DAIO 2012-04-07
company_DAIO
company_DASTY_PK 2012-04-07
company_DASTY_PK
company_DATA_PK 2012-04-07
company_DATA_PK
company_DATE 2012-04-07
company_DATE
company_DCM 2012-04-07
company_DCM
company_DCMT_OB 2012-04-07
company_DCMT_OB
company_DDD 2012-04-07
company_DDD
company_DDDC_PK 2012-04-07
company_DDDC_PK
company_DDIC 2012-04-07
company_DDIC
company_DELL 2012-04-07
company_DELL
company_DEMO_PK 2012-04-07
company_DEMO_PK
company_DEWY_OB 2012-04-07
company_DEWY_OB
company_DGI 2012-04-07
company_DGI
company_DGII 2012-04-07
company_DGII
company_DGLY 2012-04-07
company_DGLY
company_DGTC_OB 2012-04-07
company_DGTC_OB
company_DIET 2012-04-07
company_DIET
company_DIOD 2012-04-07
company_DIOD
company_DIRI_OB 2012-04-07
company_DIRI_OB
company_DITC 2012-04-07
company_DITC
company_DLB 2012-04-07
company_DLB
company_DLEXY_PK 2012-04-07
company_DLEXY_PK
company_DLGC 2012-04-07
company_DLGC
company_DMAN 2012-04-07
company_DMAN
company_DMD 2012-04-07
company_DMD
company_DMRC 2012-04-07
company_DMRC
company_DNACF_PK 2012-04-07
company_DNACF_PK
company_DNB 2012-04-07
company_DNB
company_DOX 2012-04-07
company_DOX
company_DPAC_PK 2012-04-07
company_DPAC_PK
company_DPW 2012-04-07
company_DPW
company_DQ 2012-04-07
company_DQ
company_DRAM 2012-04-07
company_DRAM
company_DRCO 2012-04-07
company_DRCO
company_DRIV 2012-04-07
company_DRIV
company_DRV 2012-04-07
company_DRV
company_DRWI 2012-04-07
company_DRWI
company_DSGX 2012-04-07
company_DSGX
company_DSNY_OB 2012-04-07
company_DSNY_OB
company_DSPG 2012-04-07
company_DSPG
company_DST 2012-04-07
company_DST
company_DSTI 2012-04-07
company_DSTI
company_DTEGY_PK 2012-04-07
company_DTEGY_PK
company_DTLK 2012-04-07
company_DTLK
company_DTSI 2012-04-07
company_DTSI
company_DVNTF_OB 2012-04-07
company_DVNTF_OB
company_DVOX 2012-04-07
company_DVOX
company_DWCH 2012-04-07
company_DWCH
company_DYSL 2012-04-07
company_DYSL
company_EBIX 2012-04-07
company_EBIX
company_ECEC_PK 2012-04-07
company_ECEC_PK
company_EDGR 2012-04-07
company_EDGR
company_EDGW 2012-04-07
company_EDGW
company_EFII 2012-04-07
company_EFII
company_EFUT 2012-04-07
company_EFUT
company_EGAM_PK 2012-04-07
company_EGAM_PK
company_EGAN 2012-04-07
company_EGAN
company_EGHT 2012-04-07
company_EGHT
company_EGOV 2012-04-07
company_EGOV
company_ELCO_PK 2012-04-07
company_ELCO_PK
company_ELLI 2012-04-07
company_ELLI
company_ELNK 2012-04-07
company_ELNK
company_ELON 2012-04-07
company_ELON
company_ELSE 2012-04-07
company_ELSE
company_ELST_OB 2012-04-07
company_ELST_OB
company_ELT 2012-04-07
company_ELT
company_ELTK 2012-04-07
company_ELTK
company_ELX 2012-04-07
company_ELX
company_EMAN 2012-04-07
company_EMAN
company_EMC 2012-04-07
company_EMC
company_EMKR 2012-04-07
company_EMKR
company_ENA 2012-04-07
company_ENA
company_ENAB_PK 2012-04-07
company_ENAB_PK
company_ENER 2012-04-07
company_ENER
company_ENHT_PK 2012-04-07
company_ENHT_PK
company_ENTG 2012-04-07
company_ENTG
company_ENTR 2012-04-07
company_ENTR
company_EONC 2012-04-07
company_EONC
company_EPAY 2012-04-07
company_EPAY
company_EPIQ 2012-04-07
company_EPIQ
company_EQIX 2012-04-07
company_EQIX
company_ERMS_OB 2012-04-07
company_ERMS_OB
company_ERTS 2012-04-07
company_ERTS
company_ESE 2012-04-07
company_ESE
company_ESIC 2012-04-07
company_ESIC
company_ESP 2012-04-07
company_ESP
company_ETAK_OB 2012-04-07
company_ETAK_OB
company_ETEC_PK 2012-04-07
company_ETEC_PK
company_ETLO_PK 2012-04-07
company_ETLO_PK
company_EVOL 2012-04-07
company_EVOL
company_EXAR 2012-04-07
company_EXAR
company_EXNT_OB 2012-04-07
company_EXNT_OB
company_EXTR 2012-04-07
company_EXTR
company_EZCH 2012-04-07
company_EZCH
company_FALC 2012-04-07
company_FALC
company_FARO 2012-04-07
company_FARO
company_FCON_PK 2012-04-07
company_FCON_PK
company_FCS 2012-04-07
company_FCS
company_FDS 2012-04-07
company_FDS
company_FEIC 2012-04-07
company_FEIC
company_FEIM 2012-04-07
company_FEIM
company_FFIV 2012-04-07
company_FFIV
company_FFN 2012-04-07
company_FFN
company_FIND_OB 2012-04-07
company_FIND_OB
company_FIO 2012-04-07
company_FIO
company_FIRE 2012-04-07
company_FIRE
company_FJTSY_PK 2012-04-07
company_FJTSY_PK
company_FKWL_OB 2012-04-07
company_FKWL_OB
company_FLDM 2012-04-07
company_FLDM
company_FLEX 2012-04-07
company_FLEX
company_FLTT_PK 2012-04-07
company_FLTT_PK
company_FNDT 2012-04-07
company_FNDT
company_FNSR 2012-04-07
company_FNSR
company_FORM 2012-04-07
company_FORM
company_FORTY 2012-04-07
company_FORTY
company_FRP 2012-04-07
company_FRP
company_FSII 2012-04-07
company_FSII
company_FSL 2012-04-07
company_FSL
company_FSLR 2012-04-07
company_FSLR
company_FSNN_OB 2012-04-07
company_FSNN_OB
company_FSTW_PK 2012-04-07
company_FSTW_PK
company_FTE 2012-04-07
company_FTE
company_FTNT 2012-04-07
company_FTNT
company_FTR 2012-04-07
company_FTR
company_FTWR 2012-04-07
company_FTWR
company_FULO_OB 2012-04-07
company_FULO_OB
company_GAME 2012-04-07
company_GAME
company_GAXC_OB 2012-04-07
company_GAXC_OB
company_GCMI_PK 2012-04-07
company_GCMI_PK
company_GCOM 2012-04-07
company_GCOM
company_GEEK_OB 2012-04-07
company_GEEK_OB
company_GEOY 2012-04-07
company_GEOY
company_GGOX_OB 2012-04-07
company_GGOX_OB
company_GIB 2012-04-07
company_GIB
company_GIGA 2012-04-07
company_GIGA
company_GIGM 2012-04-07
company_GIGM
company_GILT 2012-04-07
company_GILT
company_GKNT 2012-04-07
company_GKNT
company_GLOW_OB 2012-04-07
company_GLOW_OB
company_GLUU 2012-04-07
company_GLUU
company_GLW 2012-04-07
company_GLW
company_GMPW_PK 2012-04-07
company_GMPW_PK
company_GNCMA 2012-04-07
company_GNCMA
company_GOJO_OB 2012-04-07
company_GOJO_OB
company_GOOG 2012-04-07
company_GOOG
company_GRMN 2012-04-07
company_GRMN
company_GRRF 2012-04-07
company_GRRF
company_GRVY 2012-04-07
company_GRVY
company_GSAT 2012-04-07
company_GSAT
company_GSB 2012-04-07
company_GSB
company_GSIG 2012-04-07
company_GSIG
company_GSIT 2012-04-07
company_GSIT
company_GSOL 2012-04-07
company_GSOL
company_GTAT 2012-04-07
company_GTAT
company_GTLT_OB 2012-04-07
company_GTLT_OB
company_GUID 2012-04-07
company_GUID
company_GVP 2012-04-07
company_GVP
company_HAUP 2012-04-07
company_HAUP
company_HAXS_PK 2012-04-07
company_HAXS_PK
company_HEII_PK 2012-04-07
company_HEII_PK
company_HICKA_PK 2012-04-07
company_HICKA_PK
company_HILL 2012-04-07
company_HILL
company_HIMX 2012-04-07
company_HIMX
company_HITT 2012-04-07
company_HITT
company_HLIT 2012-04-07
company_HLIT
company_HLTOY_PK 2012-04-07
company_HLTOY_PK
company_HOKU 2012-04-07
company_HOKU
company_HPQ 2012-04-07
company_HPQ
company_HRS 2012-04-07
company_HRS
company_HSFT 2012-04-07
company_HSFT
company_HSTM 2012-04-07
company_HSTM
company_HSWI 2012-04-07
company_HSWI
company_HTCH 2012-04-07
company_HTCH
company_HTCO 2012-04-07
company_HTCO
company_HURC 2012-04-07
company_HURC
company_HUTC_OB 2012-04-07
company_HUTC_OB
company_IAGI_PK 2012-04-07
company_IAGI_PK
company_IAIC_OB 2012-04-07
company_IAIC_OB
company_IBM 2012-04-07
company_IBM
company_IBSS_PK 2012-04-07
company_IBSS_PK
company_ICAD 2012-04-07
company_ICAD
company_ICCO_PK 2012-04-07
company_ICCO_PK
company_ICGE 2012-04-07
company_ICGE
company_ICRD_OB 2012-04-07
company_ICRD_OB
company_IDCC 2012-04-07
company_IDCC
company_IDIBQ_PK 2012-04-07
company_IDIBQ_PK
company_IDN 2012-04-07
company_IDN
company_IDSY 2012-04-07
company_IDSY
company_IDT 2012-04-07
company_IDT
company_IDTI 2012-04-07
company_IDTI
company_IEC 2012-04-07
company_IEC
company_IFSC_PK 2012-04-07
company_IFSC_PK
company_IGLD 2012-04-07
company_IGLD
company_IGOI 2012-04-07
company_IGOI
company_IGT 2012-04-07
company_IGT
company_IGTE 2012-04-07
company_IGTE
company_IHS 2012-04-07
company_IHS
company_IIG 2012-04-07
company_IIG
company_IIJI 2012-04-07
company_IIJI
company_IIT 2012-04-07
company_IIT
company_IIVI 2012-04-07
company_IIVI
company_IKAN 2012-04-07
company_IKAN
company_IL 2012-04-07
company_IL
company_IMMR 2012-04-07
company_IMMR
company_IMN 2012-04-07
company_IMN
company_IMOS 2012-04-07
company_IMOS
company_IMTL_PK 2012-04-07
company_IMTL_PK
company_IN 2012-04-07
company_IN
company_INAP 2012-04-07
company_INAP
company_INFA 2012-04-07
company_INFA
company_INFN 2012-04-07
company_INFN
company_INFY 2012-04-07
company_INFY
company_ININ 2012-04-07
company_ININ
company_INIS_OB 2012-04-07
company_INIS_OB
company_INIV_PK 2012-04-07
company_INIV_PK
company_INNU_PK 2012-04-07
company_INNU_PK
company_INOD 2012-04-07
company_INOD
company_INOW_PK 2012-04-07
company_INOW_PK
company_INPH 2012-04-07
company_INPH
company_INS 2012-04-07
company_INS
company_INSP 2012-04-07
company_INSP
company_INSQ_PK 2012-04-07
company_INSQ_PK
company_INTC 2012-04-07
company_INTC
company_INTT 2012-04-07
company_INTT
company_INTU 2012-04-07
company_INTU
company_INTZ_OB 2012-04-07
company_INTZ_OB
company_INVA_OB 2012-04-07
company_INVA_OB
company_INVC_PK 2012-04-07
company_INVC_PK
company_INVE 2012-04-07
company_INVE
company_INXN 2012-04-07
company_INXN
company_IO 2012-04-07
company_IO
company_IPAS 2012-04-07
company_IPAS
company_IPGP 2012-04-07
company_IPGP
company_IPHI 2012-04-07
company_IPHI
company_IRDM 2012-04-07
company_IRDM
company_IRF 2012-04-07
company_IRF
company_IRIS 2012-04-07
company_IRIS
company_IRM 2012-04-07
company_IRM
company_IRSN_OB 2012-04-07
company_IRSN_OB
company_ISCR_PK 2012-04-07
company_ISCR_PK
company_ISEC_OB 2012-04-07
company_ISEC_OB
company_ISIL 2012-04-07
company_ISIL
company_ISMAY_PK 2012-04-07
company_ISMAY_PK
company_ISNS 2012-04-07
company_ISNS
company_ISS 2012-04-07
company_ISS
company_ISSC 2012-04-07
company_ISSC
company_ISSI 2012-04-07
company_ISSI
company_ISTC_PK 2012-04-07
company_ISTC_PK
company_IT 2012-04-07
company_IT
company_ITI 2012-04-07
company_ITI
company_ITKG_OB 2012-04-07
company_ITKG_OB
company_ITRI 2012-04-07
company_ITRI
company_ITRN 2012-04-07
company_ITRN
company_ITSI_OB 2012-04-07
company_ITSI_OB
company_IVAC 2012-04-07
company_IVAC
company_IVOI_PK 2012-04-07
company_IVOI_PK
company_IWEB_OB 2012-04-07
company_IWEB_OB
company_IWSY_PK 2012-04-07
company_IWSY_PK
company_IXYS 2012-04-07
company_IXYS
company_JASO 2012-04-07
company_JASO
company_JBL 2012-04-07
company_JBL
company_JCDA 2012-04-07
company_JCDA
company_JCOM 2012-04-07
company_JCOM
company_JCS 2012-04-07
company_JCS
company_JDAS 2012-04-07
company_JDAS
company_JDSU 2012-04-07
company_JDSU
company_JGPK_OB 2012-04-07
company_JGPK_OB
company_JKHY 2012-04-07
company_JKHY
company_JNGW 2012-04-07
company_JNGW
company_JNPR 2012-04-07
company_JNPR
company_JRJC 2012-04-07
company_JRJC
company_JST 2012-04-07
company_JST
company_KBALB 2012-04-07
company_KBALB
company_KBAS_PK 2012-04-07
company_KBAS_PK
company_KEM 2012-04-07
company_KEM
company_KEQU 2012-04-07
company_KEQU
company_KEYN 2012-04-07
company_KEYN
company_KEYW 2012-04-07
company_KEYW
company_KIWB_OB 2012-04-07
company_KIWB_OB
company_KKPNY_PK 2012-04-07
company_KKPNY_PK
company_KLAC 2012-04-07
company_KLAC
company_KLIC 2012-04-07
company_KLIC
company_KLMK_PK 2012-04-07
company_KLMK_PK
company_KNM 2012-04-07
company_KNM
company_KNOL 2012-04-07
company_KNOL
company_KNXA 2012-04-07
company_KNXA
company_KONE 2012-04-07
company_KONE
company_KONG 2012-04-07
company_KONG
company_KOPN 2012-04-07
company_KOPN
company_KT 2012-04-07
company_KT
company_KTCC 2012-04-07
company_KTCC
company_KVHI 2012-04-07
company_KVHI
company_KYO 2012-04-07
company_KYO
company_LAVA 2012-04-07
company_LAVA
company_LCRY 2012-04-07
company_LCRY
company_LDK 2012-04-07
company_LDK
company_LDR 2012-04-07
company_LDR
company_LEAP 2012-04-07
company_LEAP
company_LEDR 2012-04-07
company_LEDR
company_LEDS 2012-04-07
company_LEDS
company_LGL 2012-04-07
company_LGL
company_LIME 2012-04-07
company_LIME
company_LIVE 2012-04-07
company_LIVE
company_LLTC 2012-04-07
company_LLTC
company_LNKD 2012-04-07
company_LNKD
company_LOCM 2012-04-07
company_LOCM
company_LOGC_PK 2012-04-07
company_LOGC_PK
company_LOGM 2012-04-07
company_LOGM
company_LOOK 2012-04-07
company_LOOK
company_LORL 2012-04-07
company_LORL
company_LPHCQ_PK 2012-04-07
company_LPHCQ_PK
company_LPL 2012-04-07
company_LPL
company_LPTH 2012-04-07
company_LPTH
company_LQDT 2012-04-07
company_LQDT
company_LRAD 2012-04-07
company_LRAD
company_LRCX 2012-04-07
company_LRCX
company_LSCC 2012-04-07
company_LSCC
company_LSI 2012-04-07
company_LSI
company_LTON 2012-04-07
company_LTON
company_LTRX 2012-04-07
company_LTRX
company_LTTC_OB 2012-04-07
company_LTTC_OB
company_LTXC 2012-04-07
company_LTXC
company_LVLT 2012-04-07
company_LVLT
company_LVWR_PK 2012-04-07
company_LVWR_PK
company_LXK 2012-04-07
company_LXK
company_LYRI_OB 2012-04-07
company_LYRI_OB
company_MAIL 2012-04-07
company_MAIL
company_MANH 2012-04-07
company_MANH
company_MANT 2012-04-07
company_MANT
company_MATR 2012-04-07
company_MATR
company_MBND 2012-04-07
company_MBND
company_MBT 2012-04-07
company_MBT
company_MCHP 2012-04-07
company_MCHP
company_MCRL 2012-04-07
company_MCRL
company_MCRS 2012-04-07
company_MCRS
company_MCZ 2012-04-07
company_MCZ
company_MDAS 2012-04-07
company_MDAS
company_MDRX 2012-04-07
company_MDRX
company_MDSO 2012-04-07
company_MDSO
company_MEAD 2012-04-07
company_MEAD
company_MEAS 2012-04-07
company_MEAS
company_MEDH 2012-04-07
company_MEDH
company_MEDW 2012-04-07
company_MEDW
company_MEI 2012-04-07
company_MEI
company_MEMS 2012-04-07
company_MEMS
company_MENT 2012-04-07
company_MENT
company_MERU 2012-04-07
company_MERU
company_MFCO_OB 2012-04-07
company_MFCO_OB
company_MFLX 2012-04-07
company_MFLX
company_MGIC 2012-04-07
company_MGIC
company_MHME_PK 2012-04-07
company_MHME_PK
company_MIPS 2012-04-07
company_MIPS
company_MITK 2012-04-07
company_MITK
company_MITL 2012-04-07
company_MITL
company_MKTG 2012-04-07
company_MKTG
company_MLNK 2012-04-07
company_MLNK
company_MLNX 2012-04-07
company_MLNX
company_MLOG_PK 2012-04-07
company_MLOG_PK
company_MMI 2012-04-07
company_MMI
company_MMRF_OB 2012-04-07
company_MMRF_OB
company_MMUS 2012-04-07
company_MMUS
company_MNDO 2012-04-07
company_MNDO
company_MOBI 2012-04-07
company_MOBI
company_MOCO 2012-04-07
company_MOCO
company_MOLX 2012-04-07
company_MOLX
company_MORN 2012-04-07
company_MORN
company_MOSY 2012-04-07
company_MOSY
company_MOTR 2012-04-07
company_MOTR
company_MOVE 2012-04-07
company_MOVE
company_MPAD_OB 2012-04-07
company_MPAD_OB
company_MPWR 2012-04-07
company_MPWR
company_MRCY 2012-04-07
company_MRCY
company_MRGE 2012-04-07
company_MRGE
company_MRVL 2012-04-07
company_MRVL
company_MSCC 2012-04-07
company_MSCC
company_MSCI 2012-04-07
company_MSCI
company_MSFT 2012-04-07
company_MSFT
company_MSI 2012-04-07
company_MSI
company_MSPD 2012-04-07
company_MSPD
company_MSTR 2012-04-07
company_MSTR
company_MTE 2012-04-07
company_MTE
company_MTMC_PK 2012-04-07
company_MTMC_PK
company_MTSC 2012-04-07
company_MTSC
company_MTSL 2012-04-07
company_MTSL
company_MTSN 2012-04-07
company_MTSN
company_MTVO_PK 2012-04-07
company_MTVO_PK
company_MU 2012-04-07
company_MU
company_MVIS 2012-04-07
company_MVIS
company_MX 2012-04-07
company_MX
company_MXIM 2012-04-07
company_MXIM
company_MXL 2012-04-07
company_MXL
company_MXT 2012-04-07
company_MXT
company_MXWL 2012-04-07
company_MXWL
company_MYTAY_PK 2012-04-07
company_MYTAY_PK
company_N 2012-04-07
company_N
company_NANO 2012-04-07
company_NANO
company_NATI 2012-04-07
company_NATI
company_NCIT 2012-04-07
company_NCIT
company_NCR 2012-04-07
company_NCR
company_NCTY 2012-04-07
company_NCTY
company_NEI 2012-04-07
company_NEI
company_NEOM_OB 2012-04-07
company_NEOM_OB
company_NETC 2012-04-07
company_NETC
company_NETL 2012-04-07
company_NETL
company_NEWN 2012-04-07
company_NEWN
company_NEWP 2012-04-07
company_NEWP
company_NEXS 2012-04-07
company_NEXS
company_NICE 2012-04-07
company_NICE
company_NINE 2012-04-07
company_NINE
company_NLSN 2012-04-07
company_NLSN
company_NLST 2012-04-07
company_NLST
company_NMRX 2012-04-07
company_NMRX
company_NMXC_OB 2012-04-07
company_NMXC_OB
company_NOIZ 2012-04-07
company_NOIZ
company_NOK 2012-04-07
company_NOK
company_NPDTE_OB 2012-04-07
company_NPDTE_OB
company_NPSNY_PK 2012-04-07
company_NPSNY_PK
company_NPTN 2012-04-07
company_NPTN
company_NQ 2012-04-07
company_NQ
company_NSIT 2012-04-07
company_NSIT
company_NSR 2012-04-07
company_NSR
company_NSYS 2012-04-07
company_NSYS
company_NTAP 2012-04-07
company_NTAP
company_NTCT 2012-04-07
company_NTCT
company_NTDOF_PK 2012-04-07
company_NTDOF_PK
company_NTE 2012-04-07
company_NTE
company_NTES 2012-04-07
company_NTES
company_NTFY_PK 2012-04-07
company_NTFY_PK
company_NTGR 2012-04-07
company_NTGR
company_NTL 2012-04-07
company_NTL
company_NTLNF_OB 2012-04-07
company_NTLNF_OB
company_NTLS 2012-04-07
company_NTLS
company_NTT 2012-04-07
company_NTT
company_NTWK 2012-04-07
company_NTWK
company_NUAN 2012-04-07
company_NUAN
company_NUBL_PK 2012-04-07
company_NUBL_PK
company_NULM_OB 2012-04-07
company_NULM_OB
company_NVDA 2012-04-07
company_NVDA
company_NVEC 2012-04-07
company_NVEC
company_NVLS 2012-04-07
company_NVLS
company_NVTL 2012-04-07
company_NVTL
company_NWBD_PK 2012-04-07
company_NWBD_PK
company_NWK 2012-04-07
company_NWK
company_NWMT_PK 2012-04-07
company_NWMT_PK
company_NXPI 2012-04-07
company_NXPI
company_NXPSQ_PK 2012-04-07
company_NXPSQ_PK
company_NZT 2012-04-07
company_NZT
company_OBAS 2012-04-07
company_OBAS
company_OCLR 2012-04-07
company_OCLR
company_OCZ 2012-04-07
company_OCZ
company_OESX 2012-04-07
company_OESX
company_OIIM 2012-04-07
company_OIIM
company_OMCL 2012-04-07
company_OMCL
company_OMCM_OB 2012-04-07
company_OMCM_OB
company_OMTL_PK 2012-04-07
company_OMTL_PK
company_ONNN 2012-04-07
company_ONNN
company_ONSM 2012-04-07
company_ONSM
company_OPLK 2012-04-07
company_OPLK
company_OPNT 2012-04-07
company_OPNT
company_OPTI_OB 2012-04-07
company_OPTI_OB
company_OPWV 2012-04-07
company_OPWV
company_OPXT 2012-04-07
company_OPXT
company_ORBC 2012-04-07
company_ORBC
company_ORBK 2012-04-07
company_ORBK
company_ORBT 2012-04-07
company_ORBT
company_ORCC 2012-04-07
company_ORCC
company_ORCL 2012-04-07
company_ORCL
company_ORCT 2012-04-07
company_ORCT
company_ORFR_OB 2012-04-07
company_ORFR_OB
company_OSIS 2012-04-07
company_OSIS
company_OTEX 2012-04-07
company_OTEX
company_OTIV 2012-04-07
company_OTIV
company_OTT 2012-04-07
company_OTT
company_OVRL 2012-04-07
company_OVRL
company_OVTI 2012-04-07
company_OVTI
company_OYOG 2012-04-07
company_OYOG
company_PANL 2012-04-07
company_PANL
company_PCCWY_PK 2012-04-07
company_PCCWY_PK
company_PCIR_PK 2012-04-07
company_PCIR_PK
company_PCS 2012-04-07
company_PCS
company_PCTI 2012-04-07
company_PCTI
company_PCYG 2012-04-07
company_PCYG
company_PCYS_PK 2012-04-07
company_PCYS_PK
company_PDFS 2012-04-07
company_PDFS
company_PEGA 2012-04-07
company_PEGA
company_PGI 2012-04-07
company_PGI
company_PHI 2012-04-07
company_PHI
company_PHPG_OB 2012-04-07
company_PHPG_OB
company_PIMO_OB 2012-04-07
company_PIMO_OB
company_PKE 2012-04-07
company_PKE
company_PKT 2012-04-07
company_PKT
company_PLAB 2012-04-07
company_PLAB
company_PLCM 2012-04-07
company_PLCM
company_PLNR 2012-04-07
company_PLNR
company_PLT 2012-04-07
company_PLT
company_PLUS 2012-04-07
company_PLUS
company_PLXS 2012-04-07
company_PLXS
company_PLXT 2012-04-07
company_PLXT
company_PMCS 2012-04-07
company_PMCS
company_PMTC 2012-04-07
company_PMTC
company_PNS 2012-04-07
company_PNS
company_POWI 2012-04-07
company_POWI
company_PRCP 2012-04-07
company_PRCP
company_PRFT 2012-04-07
company_PRFT
company_PRGS 2012-04-07
company_PRGS
company_PRKR 2012-04-07
company_PRKR
company_PRO 2012-04-07
company_PRO
company_PROJ 2012-04-07
company_PROJ
company_PRXM_PK 2012-04-07
company_PRXM_PK
company_PSCO_PK 2012-04-07
company_PSCO_PK
company_PSEM 2012-04-07
company_PSEM
company_PSID_OB 2012-04-07
company_PSID_OB
company_PSOF 2012-04-07
company_PSOF
company_PSSR_PK 2012-04-07
company_PSSR_PK
company_PT 2012-04-07
company_PT
company_PTI 2012-04-07
company_PTI
company_PTIX 2012-04-07
company_PTIX
company_PTNR 2012-04-07
company_PTNR
company_PTSC_OB 2012-04-07
company_PTSC_OB
company_PULS 2012-04-07
company_PULS
company_PVSW 2012-04-07
company_PVSW
company_PWAV 2012-04-07
company_PWAV
company_PWEB_PK 2012-04-07
company_PWEB_PK
company_PWER 2012-04-07
company_PWER
company_PWRD 2012-04-07
company_PWRD
company_PXLW 2012-04-07
company_PXLW
company_QADA 2012-04-07
company_QADA
company_QBAK 2012-04-07
company_QBAK
company_QCOM 2012-04-07
company_QCOM
company_QIHU 2012-04-07
company_QIHU
company_QLGC 2012-04-07
company_QLGC
company_QLIK 2012-04-07
company_QLIK
company_QPSA 2012-04-07
company_QPSA
company_QSFT 2012-04-07
company_QSFT
company_QSII 2012-04-07
company_QSII
company_QSND_PK 2012-04-07
company_QSND_PK
company_QTM 2012-04-07
company_QTM
company_QUIK 2012-04-07
company_QUIK
company_QXM 2012-04-07
company_QXM
company_RATE 2012-04-07
company_RATE
company_RAVN 2012-04-07
company_RAVN
company_RAX 2012-04-07
company_RAX
company_RBCN 2012-04-07
company_RBCN
company_RCI 2012-04-07
company_RCI
company_RDA 2012-04-07
company_RDA
company_RDCM 2012-04-07
company_RDCM
company_RDVWF_OB 2012-04-07
company_RDVWF_OB
company_RDWR 2012-04-07
company_RDWR
company_REDF 2012-04-07
company_REDF
company_RENN 2012-04-07
company_RENN
company_RFIL 2012-04-07
company_RFIL
company_RFMD 2012-04-07
company_RFMD
company_RFMI 2012-04-07
company_RFMI
company_RHT 2012-04-07
company_RHT
company_RHXI_PK 2012-04-07
company_RHXI_PK
company_RIMG 2012-04-07
company_RIMG
company_RITT 2012-04-07
company_RITT
company_RMBS 2012-04-07
company_RMBS
company_RMTR 2012-04-07
company_RMTR
company_RNET 2012-04-07
company_RNET
company_RNIN 2012-04-07
company_RNIN
company_RNOW 2012-04-07
company_RNOW
company_RNWK 2012-04-07
company_RNWK
company_ROP 2012-04-07
company_ROP
company_ROSYY_PK 2012-04-07
company_ROSYY_PK
company_ROVI 2012-04-07
company_ROVI
company_RP 2012-04-07
company_RP
company_RPID_PK 2012-04-07
company_RPID_PK
company_RPTN_PK 2012-04-07
company_RPTN_PK
company_RRST 2012-04-07
company_RRST
company_RST 2012-04-07
company_RST
company_RSTI 2012-04-07
company_RSTI
company_RSYS 2012-04-07
company_RSYS
company_RTEC 2012-04-07
company_RTEC
company_RTLX 2012-04-07
company_RTLX
company_RVBD 2012-04-07
company_RVBD
company_RVSN 2012-04-07
company_RVSN
company_RWC 2012-04-07
company_RWC
company_S 2012-04-07
company_S
company_SAAS 2012-04-07
company_SAAS
company_SABA 2012-04-07
company_SABA
company_SAJA_OB 2012-04-07
company_SAJA_OB
company_SANM 2012-04-07
company_SANM
company_SAP 2012-04-07
company_SAP
company_SAPE 2012-04-07
company_SAPE
company_SATC 2012-04-07
company_SATC
company_SATS 2012-04-07
company_SATS
company_SAYCY_PK 2012-04-07
company_SAYCY_PK
company_SBAY_PK 2012-04-07
company_SBAY_PK
company_SBJX_PK 2012-04-07
company_SBJX_PK
company_SCKT 2012-04-07
company_SCKT
company_SCMR 2012-04-07
company_SCMR
company_SCMWY_PK 2012-04-07
company_SCMWY_PK
company_SCNWF_PK 2012-04-07
company_SCNWF_PK
company_SCON 2012-04-07
company_SCON
company_SCSC 2012-04-07
company_SCSC
company_SCUC_PK 2012-04-07
company_SCUC_PK
company_SDNA_PK 2012-04-07
company_SDNA_PK
company_SDON_OB 2012-04-07
company_SDON_OB
company_SEAC 2012-04-07
company_SEAC
company_SFOR_OB 2012-04-07
company_SFOR_OB
company_SFSF 2012-04-07
company_SFSF
company_SFUN 2012-04-07
company_SFUN
company_SGAMY_PK 2012-04-07
company_SGAMY_PK
company_SGI 2012-04-07
company_SGI
company_SGK 2012-04-07
company_SGK
company_SGMA 2012-04-07
company_SGMA
company_SGPYY_PK 2012-04-07
company_SGPYY_PK
company_SHEN 2012-04-07
company_SHEN
company_SHOR 2012-04-07
company_SHOR
company_SI 2012-04-07
company_SI
company_SIFY 2012-04-07
company_SIFY
company_SIGM 2012-04-07
company_SIGM
company_SILC 2012-04-07
company_SILC
company_SIMC_PK 2012-04-07
company_SIMC_PK
company_SIMG 2012-04-07
company_SIMG
company_SIMO 2012-04-07
company_SIMO
company_SINA 2012-04-07
company_SINA
company_SKM 2012-04-07
company_SKM
company_SLAB 2012-04-07
company_SLAB
company_SLH 2012-04-07
company_SLH
company_SLI 2012-04-07
company_SLI
company_SLNM_PK 2012-04-07
company_SLNM_PK
company_SLP 2012-04-07
company_SLP
company_SLTC 2012-04-07
company_SLTC
company_SMCI 2012-04-07
company_SMCI
company_SMI 2012-04-07
company_SMI
company_SMIT 2012-04-07
company_SMIT
company_SMRL_PK 2012-04-07
company_SMRL_PK
company_SMSC 2012-04-07
company_SMSC
company_SMSI 2012-04-07
company_SMSI
company_SMTC 2012-04-07
company_SMTC
company_SMTX 2012-04-07
company_SMTX
company_SNCR 2012-04-07
company_SNCR
company_SNDA 2012-04-07
company_SNDA
company_SNDK 2012-04-07
company_SNDK
company_SNDTF_OB 2012-04-07
company_SNDTF_OB
company_SNPS 2012-04-07
company_SNPS
company_SODI_OB 2012-04-07
company_SODI_OB
company_SOFO 2012-04-07
company_SOFO
company_SOFT_PK 2012-04-07
company_SOFT_PK
company_SOHU 2012-04-07
company_SOHU
company_SOL 2012-04-07
company_SOL
company_SONE 2012-04-07
company_SONE
company_SONS 2012-04-07
company_SONS
company_SPA 2012-04-07
company_SPA
company_SPDE_PK 2012-04-07
company_SPDE_PK
company_SPHE_PK 2012-04-07
company_SPHE_PK
company_SPIR 2012-04-07
company_SPIR
company_SPNS 2012-04-07
company_SPNS
company_SPRD 2012-04-07
company_SPRD
company_SPRT 2012-04-07
company_SPRT
company_SPWRA 2012-04-07
company_SPWRA
company_SQI 2012-04-07
company_SQI
company_SQNS 2012-04-07
company_SQNS
company_SREV 2012-04-07
company_SREV
company_SRMC_OB 2012-04-07
company_SRMC_OB
company_SRSL 2012-04-07
company_SRSL
company_SSNC 2012-04-07
company_SSNC
company_SSYS 2012-04-07
company_SSYS
company_STEC 2012-04-07
company_STEC
company_STM 2012-04-07
company_STM
company_STP 2012-04-07
company_STP
company_STRM 2012-04-07
company_STRM
company_STRN 2012-04-07
company_STRN
company_STV 2012-04-07
company_STV
company_STX 2012-04-07
company_STX
company_SUPX 2012-04-07
company_SUPX
company_SUQU_PK 2012-04-07
company_SUQU_PK
company_SURW 2012-04-07
company_SURW
company_SWI 2012-04-07
company_SWI
company_SWKS 2012-04-07
company_SWKS
company_SXCI 2012-04-07
company_SXCI
company_SYKE 2012-04-07
company_SYKE
company_SYMC 2012-04-07
company_SYMC
company_SYMM 2012-04-07
company_SYMM
company_SYNA 2012-04-07
company_SYNA
company_SYNT 2012-04-07
company_SYNT
company_SYPR 2012-04-07
company_SYPR
company_SYTE_OB 2012-04-07
company_SYTE_OB
company_SYX 2012-04-07
company_SYX
company_T 2012-04-07
company_T
company_TACT 2012-04-07
company_TACT
company_TBIO_OB 2012-04-07
company_TBIO_OB
company_TBOW 2012-04-07
company_TBOW
company_TBUS 2012-04-07
company_TBUS
company_TCCO 2012-04-07
company_TCCO
company_TCL 2012-04-07
company_TCL
company_TCNH_OB 2012-04-07
company_TCNH_OB
company_TCX 2012-04-07
company_TCX
company_TDC 2012-04-07
company_TDC
company_TDS 2012-04-07
company_TDS
company_TEF 2012-04-07
company_TEF
company_TEL 2012-04-07
company_TEL
company_TELNF_PK 2012-04-07
company_TELNF_PK
company_TEO 2012-04-07
company_TEO
company_TER 2012-04-07
company_TER
company_TGAL 2012-04-07
company_TGAL
company_THQI 2012-04-07
company_THQI
company_TI 2012-04-07
company_TI
company_TIBX 2012-04-07
company_TIBX
company_TIER 2012-04-07
company_TIER
company_TIGR 2012-04-07
company_TIGR
company_TIK 2012-04-07
company_TIK
company_TISA 2012-04-07
company_TISA
company_TITAF_OB 2012-04-07
company_TITAF_OB
company_TKAGY_PK 2012-04-07
company_TKAGY_PK
company_TKC 2012-04-07
company_TKC
company_TKLC 2012-04-07
company_TKLC
company_TKOI_OB 2012-04-07
company_TKOI_OB
company_TLAB 2012-04-07
company_TLAB
company_TLEO 2012-04-07
company_TLEO
company_TLK 2012-04-07
company_TLK
company_TLKGY_PK 2012-04-07
company_TLKGY_PK
company_TLLE_OB 2012-04-07
company_TLLE_OB
company_TLSRP_PK 2012-04-07
company_TLSRP_PK
company_TMX 2012-04-07
company_TMX
company_TNAV 2012-04-07
company_TNAV
company_TNDM 2012-04-07
company_TNDM
company_TNE 2012-04-07
company_TNE
company_TNGO 2012-04-07
company_TNGO
company_TNS 2012-04-07
company_TNS
company_TPPPF_PK 2012-04-07
company_TPPPF_PK
company_TQNT 2012-04-07
company_TQNT
company_TRAC_PK 2012-04-07
company_TRAC_PK
company_TRAK 2012-04-07
company_TRAK
company_TRI 2012-04-07
company_TRI
company_TRID 2012-04-07
company_TRID
company_TRMB 2012-04-07
company_TRMB
company_TRNS 2012-04-07
company_TRNS
company_TRT 2012-04-07
company_TRT
company_TSEM 2012-04-07
company_TSEM
company_TSL 2012-04-07
company_TSL
company_TSM 2012-04-07
company_TSM
company_TSRA 2012-04-07
company_TSRA
company_TSRI 2012-04-07
company_TSRI
company_TST 2012-04-07
company_TST
company_TSTC 2012-04-07
company_TSTC
company_TSTRQ_PK 2012-04-07
company_TSTRQ_PK
company_TSU 2012-04-07
company_TSU
company_TSYS 2012-04-07
company_TSYS
company_TTGT 2012-04-07
company_TTGT
company_TTMI 2012-04-07
company_TTMI
company_TTWO 2012-04-07
company_TTWO
company_TU 2012-04-07
company_TU
company_TUDO 2012-04-07
company_TUDO
company_TWER 2012-04-07
company_TWER
company_TWTC 2012-04-07
company_TWTC
company_TXCC 2012-04-07
company_TXCC
company_TXN 2012-04-07
company_TXN
company_TYL 2012-04-07
company_TYL
company_TYPE 2012-04-07
company_TYPE
company_TZOO 2012-04-07
company_TZOO
company_UBIX_PK 2012-04-07
company_UBIX_PK
company_UBNT 2012-04-07
company_UBNT
company_UCTT 2012-04-07
company_UCTT
company_UDWK_OB 2012-04-07
company_UDWK_OB
company_UIS 2012-04-07
company_UIS
company_ULTI 2012-04-07
company_ULTI
company_UMC 2012-04-07
company_UMC
company_UNDT_OB 2012-04-07
company_UNDT_OB
company_UNLA_OB 2012-04-07
company_UNLA_OB
company_UNTK 2012-04-07
company_UNTK
company_USM 2012-04-07
company_USM
company_USMO 2012-04-07
company_USMO
company_UTEK 2012-04-07
company_UTEK
company_UTSI 2012-04-07
company_UTSI
company_VCLK 2012-04-07
company_VCLK
company_VCST_OB 2012-04-07
company_VCST_OB
company_VCSY_OB 2012-04-07
company_VCSY_OB
company_VDSI 2012-04-07
company_VDSI
company_VECO 2012-04-07
company_VECO
company_VELT 2012-04-07
company_VELT
company_VERA_PK 2012-04-07
company_VERA_PK
company_VG 2012-04-07
company_VG
company_VHC 2012-04-07
company_VHC
company_VICR 2012-04-07
company_VICR
company_VIDE 2012-04-07
company_VIDE
company_VII 2012-04-07
company_VII
company_VIMC 2012-04-07
company_VIMC
company_VIP 2012-04-07
company_VIP
company_VIT 2012-04-07
company_VIT
company_VIV 2012-04-07
company_VIV
company_VLDI_PK 2012-04-07
company_VLDI_PK
company_VLTR 2012-04-07
company_VLTR
company_VMII_PK 2012-04-07
company_VMII_PK
company_VMW 2012-04-07
company_VMW
company_VNET 2012-04-07
company_VNET
company_VOCS 2012-04-07
company_VOCS
company_VOD 2012-04-07
company_VOD
company_VOYT_PK 2012-04-07
company_VOYT_PK
company_VPF 2012-04-07
company_VPF
company_VPG 2012-04-07
company_VPG
company_VRCC_PK 2012-04-07
company_VRCC_PK
company_VRNG 2012-04-07
company_VRNG
company_VRNT 2012-04-07
company_VRNT
company_VRSN 2012-04-07
company_VRSN
company_VRTU 2012-04-07
company_VRTU
company_VRYAF_PK 2012-04-07
company_VRYAF_PK
company_VSAT 2012-04-07
company_VSAT
company_VSEA 2012-04-07
company_VSEA
company_VSH 2012-04-07
company_VSH
company_VSNT 2012-04-07
company_VSNT
company_VTRO 2012-04-07
company_VTRO
company_VTSS 2012-04-07
company_VTSS
company_VZ 2012-04-07
company_VZ
company_WAVE_PK 2012-04-07
company_WAVE_PK
company_WAVX 2012-04-07
company_WAVX
company_WBMD 2012-04-07
company_WBMD
company_WBSN 2012-04-07
company_WBSN
company_WDC 2012-04-07
company_WDC
company_WEBM 2012-04-07
company_WEBM
company_WEX 2012-04-07
company_WEX
company_WFR 2012-04-07
company_WFR
company_WGA 2012-04-07
company_WGA
company_WGMI_OB 2012-04-07
company_WGMI_OB
company_WIFI 2012-04-07
company_WIFI
company_WIN 2012-04-07
company_WIN
company_WIT 2012-04-07
company_WIT
company_WNYN_OB 2012-04-07
company_WNYN_OB
company_WPCS 2012-04-07
company_WPCS
company_WQNI_PK 2012-04-07
company_WQNI_PK
company_WRLS 2012-04-07
company_WRLS
company_WSTL 2012-04-07
company_WSTL
company_WSTMF_OB 2012-04-07
company_WSTMF_OB
company_WTKWY_PK 2012-04-07
company_WTKWY_PK
company_WTT 2012-04-07
company_WTT
company_WWVY 2012-04-07
company_WWVY
company_WWWW 2012-04-07
company_WWWW
company_WZE 2012-04-07
company_WZE
company_XATA 2012-04-07
company_XATA
company_XDSL_OB 2012-04-07
company_XDSL_OB
company_XFN 2012-04-07
company_XFN
company_XLNX 2012-04-07
company_XLNX
company_XRTX 2012-04-07
company_XRTX
company_XXIA 2012-04-07
company_XXIA
company_YGE 2012-04-07
company_YGE
company_YHOO 2012-04-07
company_YHOO
company_YNDX 2012-04-07
company_YNDX
company_YOKU 2012-04-07
company_YOKU
company_YTEC 2012-04-07
company_YTEC
company_ZANE_PK 2012-04-07
company_ZANE_PK
company_ZAOFF_PK 2012-04-07
company_ZAOFF_PK
company_ZBRA 2012-04-07
company_ZBRA
company_ZHNE 2012-04-07
company_ZHNE
company_ZIGO 2012-04-07
company_ZIGO
company_ZIXI 2012-04-07
company_ZIXI
company_ZMTP_OB 2012-04-07
company_ZMTP_OB
company_ZOOG 2012-04-07
company_ZOOG
company_ZOOM 2012-04-07
company_ZOOM
company_ZSTN 2012-04-07
company_ZSTN
