Analysis for 2012-04-21
52.6244 62.1948 0
Analysis for 2012-04-21
52.6244 62.1948 0
Analysis for 2012-04-21
52.6244 62.1948 0
Analysis for 2010-12-08
52.6244 62.1948 0
Analysis for 2010-12-08
52.6244 62.1948 0
Analysis for 2010-12-08
52.6244 62.1948 0
Analysis for 2010-12-08
52.6244 62.1948 0
company_AMD at 0
company_ANAD at 0
company_ARBA at 1
company_ASTI at 2
company_AUDC at 3
company_AVGO at 4
company_BLIN at 2
company_CHINA at 4
company_ERTS at 3
company_MCZ at 4
Analysis for 2010-12-08
52.6244 62.1948 0
company_AMD at 0
company_ANAD at 0
company_ARBA at 1
company_ASTI at 2
company_AUDC at 3
company_AVGO at 4
company_BLIN at 2
company_CHINA at 4
company_ERTS at 3
company_MCZ at 4
Analysis for 2010-12-08
52.6244 62.1948 0
company_AMD at 0
company_ANAD at 0
company_ARBA at 1
company_ASTI at 2
company_AUDC at 3
company_AVGO at 4
company_BLIN at 2
company_CHINA at 4
company_ERTS at 3
company_MCZ at 4
Top Trending Company*
Rank Sym Percent
0 company_ANAD 114.8192
1 company_ARBA 114.8192
2 company_BLIN 114.8192
3 company_ERTS 114.8192
4 company_MCZ 114.8192
