Analsis for 2012-04-21
Analsis for 2012-04-21
company_A 2012-04-07
company_AAPL 2012-04-07
company_AATI 2012-04-07
company_ABTL 2012-04-07
company_ABVT 2012-04-07
company_ACCL 2012-04-07
company_ACFN 2012-04-07
company_ACIW 2012-04-07
company_ACLS 2012-04-07
company_ACOM 2012-04-07
company_ACTS 2012-04-07
company_ACTT_PK 2012-04-07
company_ACTV 2012-04-07
company_ACXM 2012-04-07
company_ADAT 2012-04-07
company_ADBE 2012-04-07
company_ADI 2012-04-07
company_ADP 2012-04-07
company_ADSK 2012-04-07
company_ADSV_PK 2012-04-07
company_ADTN 2012-04-07
company_ADVC_OB 2012-04-07
company_ADVS 2012-04-07
company_AEHR 2012-04-07
company_AEIS 2012-04-07
company_AERG 2012-04-07
company_AFFX 2012-04-07
company_AFOP 2012-04-07
company_AGYS 2012-04-07
company_AIFS_PK 2012-04-07
company_AKAM 2012-04-07
company_ALAN_OB 2012-04-07
company_ALLN_PK 2012-04-07
company_ALLT 2012-04-07
company_ALOG 2012-04-07
company_ALOT 2012-04-07
company_ALSK 2012-04-07
company_ALTR 2012-04-07
company_ALU 2012-04-07
company_ALVR 2012-04-07
company_AMAP 2012-04-07
company_AMAT 2012-04-07
company_AMCC 2012-04-07
company_AMD 2012-04-07
company_AMKR 2012-04-07
company_AMOT 2012-04-07
company_AMSC 2012-04-07
company_AMSWA 2012-04-07
company_AMT 2012-04-07
company_AMX 2012-04-07
company_ANAD 2012-04-07
company_ANDR_OB 2012-04-07
company_ANEN 2012-04-07
company_ANLY 2012-04-07
company_ANSS 2012-04-07
company_ANTP 2012-04-07
company_ANTS_PK 2012-04-07
company_AOL 2012-04-07
company_AOSL 2012-04-07
company_APCX_PK 2012-04-07
company_APH 2012-04-07
company_API 2012-04-07
company_APKT 2012-04-07
company_APNT_OB 2012-04-07
company_APYI_PK 2012-04-07
company_ARBA 2012-04-07
company_ARC 2012-04-07
company_ARCW 2012-04-07
company_ARIO_PK 2012-04-07
company_ARRS 2012-04-07
company_ARUN 2012-04-07
company_ARX 2012-04-07
company_ASIA 2012-04-07
company_ASTI 2012-04-07
company_ASUR 2012-04-07
company_ASX 2012-04-07
company_ASYS 2012-04-07
company_ATE 2012-04-07
company_ATEA 2012-04-07
company_ATMI 2012-04-07
company_ATML 2012-04-07
company_ATNI 2012-04-07
company_ATNY 2012-04-07
company_ATRM 2012-04-07
company_ATRN 2012-04-07
company_ATSC 2012-04-07
company_ATTUF_OB 2012-04-07
company_ATVI 2012-04-07
company_AUDC 2012-04-07
company_AUO 2012-04-07
company_AUTH 2012-04-07
company_AUTNF_PK 2012-04-07
company_AVGG_OB 2012-04-07
company_AVGO 2012-04-07
company_AVID 2012-04-07
company_AVNW 2012-04-07
company_AVSR_PK 2012-04-07
company_AVX 2012-04-07
company_AWAY 2012-04-07
company_AWRE 2012-04-07
company_AXTI 2012-04-07
company_AYI 2012-04-07
company_AZPN 2012-04-07
company_BBND 2012-04-07
company_BBOX 2012-04-07
company_BCAS_PK 2012-04-07
company_BCDS 2012-04-07
company_BCE 2012-04-07
company_BCOM 2012-04-07
company_BCSI 2012-04-07
company_BCST_OB 2012-04-07
company_BDR 2012-04-07
company_BDTE_PK 2012-04-07
company_BELFB 2012-04-07
company_BGAT_OB 2012-04-07
company_BHE 2012-04-07
company_BIDU 2012-04-07
company_BIO 2012-04-07
company_BIRT 2012-04-07
company_BITA 2012-04-07
company_BITS 2012-04-07
company_BKYI_OB 2012-04-07
company_BLIN 2012-04-07
company_BLKB 2012-04-07
company_BLLI_PK 2012-04-07
company_BMC 2012-04-07
company_BMI 2012-04-07
company_BNX 2012-04-07
company_BOSC 2012-04-07
company_BPHX 2012-04-07
company_BR 2012-04-07
company_BRCD 2012-04-07
company_BRCM 2012-04-07
company_BRKR 2012-04-07
company_BRKS 2012-04-07
company_BSFT 2012-04-07
company_BSQR 2012-04-07
company_BSYBY_PK 2012-04-07
company_BT 2012-04-07
company_BTM 2012-04-07
company_BTUI 2012-04-07
company_BVSN 2012-04-07
company_BWEBF_PK 2012-04-07
company_BYI 2012-04-07
company_CA 2012-04-07
company_CABLF_OB 2012-04-07
company_CADV_OB 2012-04-07
company_CALD 2012-04-07
company_CALL 2012-04-07
company_CALP 2012-04-07
company_CALX 2012-04-07
company_CAMP 2012-04-07
company_CAMT 2012-04-07
company_CAVM 2012-04-07
company_CBB 2012-04-07
company_CBEY 2012-04-07
company_CBR 2012-04-07
company_CCI 2012-04-07
company_CCIH 2012-04-07
company_CCMP 2012-04-07
company_CCOI 2012-04-07
company_CCTR_PK 2012-04-07
company_CCUR 2012-04-07
company_CDCS 2012-04-07
company_CDMAD_PK 2012-04-07
company_CDNS 2012-04-07
company_CEHC_OB 2012-04-07
company_CEL 2012-04-07
company_CERN 2012-04-07
company_CEVA 2012-04-07
company_CGNX 2012-04-07
company_CGUD_PK 2012-04-07
company_CHA 2012-04-07
company_CHINA 2012-04-07
company_CHKP 2012-04-07
company_CHL 2012-04-07
company_CHT 2012-04-07
company_CHU 2012-04-07
company_CHYR 2012-04-07
company_CICI_OB 2012-04-07
company_CICN_OB 2012-04-07
company_CIEN 2012-04-07
company_CIMT 2012-04-07
company_CIRC_OB 2012-04-07
company_CIS 2012-04-07
company_CITC_PK 2012-04-07
company_CKSW 2012-04-07
company_CLAI_PK 2012-04-07
company_CLFD 2012-04-07
company_CLKZ_PK 2012-04-07
company_CLRO 2012-04-07
company_CLS 2012-04-07
company_CLSI_PK 2012-04-07
company_CLTY_PK 2012-04-07
company_CLTZF_PK 2012-04-07
company_CLWR 2012-04-07
company_CMPD_PK 2012-04-07
company_CMRO_PK 2012-04-07
company_CMTL 2012-04-07
company_CMVT 2012-04-07
company_CNIT 2012-04-07
company_CNLG_PK 2012-04-07
company_CNQR 2012-04-07
company_CNSL 2012-04-07
company_CNTF 2012-04-07
company_CNUV_PK 2012-04-07
company_CNVO 2012-04-07
company_CODE 2012-04-07
company_COGO 2012-04-07
company_COHR 2012-04-07
company_COHU 2012-04-07
company_COMV 2012-04-07
company_COOL 2012-04-07
company_COPY_OB 2012-04-07
company_COVR 2012-04-07
company_CPHD 2012-04-07
company_CPSH_OB 2012-04-07
company_CPSI 2012-04-07
company_CPWR 2012-04-07
company_CPYE_PK 2012-04-07
company_CRAY 2012-04-07
company_CRDS 2012-04-07
company_CREE 2012-04-07
company_CRM 2012-04-07
company_CRNT 2012-04-07
company_CRUS 2012-04-07
company_CRYP 2012-04-07
company_CSC 2012-04-07
company_CSCO 2012-04-07
company_CSGS 2012-04-07
company_CSIQ 2012-04-07
company_CSLR_PK 2012-04-07
company_CSOD 2012-04-07
company_CSPI 2012-04-07
company_CSUN 2012-04-07
company_CTCH 2012-04-07
company_CTEL 2012-04-07
company_CTFO 2012-04-07
company_CTGX 2012-04-07
company_CTIG_PK 2012-04-07
company_CTL 2012-04-07
company_CTMMA_PK 2012-04-07
company_CTORF_OB 2012-04-07
company_CTS 2012-04-07
company_CTSH 2012-04-07
company_CTXS 2012-04-07
company_CUB 2012-04-07
company_CVG 2012-04-07
company_CVLT 2012-04-07
company_CY 2012-04-07
company_CYBE 2012-04-07
company_CYDE 2012-04-07
company_CYMI 2012-04-07
company_CYOU 2012-04-07
company_DAIO 2012-04-07
company_DASTY_PK 2012-04-07
company_DATA_PK 2012-04-07
company_DATE 2012-04-07
company_DCM 2012-04-07
company_DCMT_OB 2012-04-07
company_DDD 2012-04-07
company_DDDC_PK 2012-04-07
company_DDIC 2012-04-07
company_DELL 2012-04-07
company_DEMO_PK 2012-04-07
company_DEWY_OB 2012-04-07
company_DGI 2012-04-07
company_DGII 2012-04-07
company_DGLY 2012-04-07
company_DGTC_OB 2012-04-07
company_DIET 2012-04-07
company_DIOD 2012-04-07
company_DIRI_OB 2012-04-07
company_DITC 2012-04-07
company_DLB 2012-04-07
company_DLEXY_PK 2012-04-07
company_DLGC 2012-04-07
company_DMAN 2012-04-07
company_DMD 2012-04-07
company_DMRC 2012-04-07
company_DNACF_PK 2012-04-07
company_DNB 2012-04-07
company_DOX 2012-04-07
company_DPAC_PK 2012-04-07
company_DPW 2012-04-07
company_DQ 2012-04-07
company_DRAM 2012-04-07
company_DRCO 2012-04-07
company_DRIV 2012-04-07
company_DRV 2012-04-07
company_DRWI 2012-04-07
company_DSGX 2012-04-07
company_DSNY_OB 2012-04-07
company_DSPG 2012-04-07
company_DST 2012-04-07
company_DSTI 2012-04-07
company_DTEGY_PK 2012-04-07
company_DTLK 2012-04-07
company_DTSI 2012-04-07
company_DVNTF_OB 2012-04-07
company_DVOX 2012-04-07
company_DWCH 2012-04-07
company_DYSL 2012-04-07
company_EBIX 2012-04-07
company_ECEC_PK 2012-04-07
company_EDGR 2012-04-07
company_EDGW 2012-04-07
company_EFII 2012-04-07
company_EFUT 2012-04-07
company_EGAM_PK 2012-04-07
company_EGAN 2012-04-07
company_EGHT 2012-04-07
company_EGOV 2012-04-07
company_ELCO_PK 2012-04-07
company_ELLI 2012-04-07
company_ELNK 2012-04-07
company_ELON 2012-04-07
company_ELSE 2012-04-07
company_ELST_OB 2012-04-07
company_ELT 2012-04-07
company_ELTK 2012-04-07
company_ELX 2012-04-07
company_EMAN 2012-04-07
company_EMC 2012-04-07
company_EMKR 2012-04-07
company_ENA 2012-04-07
company_ENAB_PK 2012-04-07
company_ENER 2012-04-07
company_ENHT_PK 2012-04-07
company_ENTG 2012-04-07
company_ENTR 2012-04-07
company_EONC 2012-04-07
company_EPAY 2012-04-07
company_EPIQ 2012-04-07
company_EQIX 2012-04-07
company_ERMS_OB 2012-04-07
company_ERTS 2012-04-07
company_ESE 2012-04-07
company_ESIC 2012-04-07
company_ESP 2012-04-07
company_ETAK_OB 2012-04-07
company_ETEC_PK 2012-04-07
company_ETLO_PK 2012-04-07
company_EVOL 2012-04-07
company_EXAR 2012-04-07
company_EXNT_OB 2012-04-07
company_EXTR 2012-04-07
company_EZCH 2012-04-07
company_FALC 2012-04-07
company_FARO 2012-04-07
company_FCON_PK 2012-04-07
company_FCS 2012-04-07
company_FDS 2012-04-07
company_FEIC 2012-04-07
company_FEIM 2012-04-07
company_FFIV 2012-04-07
company_FFN 2012-04-07
company_FIND_OB 2012-04-07
company_FIO 2012-04-07
company_FIRE 2012-04-07
company_FJTSY_PK 2012-04-07
company_FKWL_OB 2012-04-07
company_FLDM 2012-04-07
company_FLEX 2012-04-07
company_FLTT_PK 2012-04-07
company_FNDT 2012-04-07
company_FNSR 2012-04-07
company_FORM 2012-04-07
company_FORTY 2012-04-07
company_FRP 2012-04-07
company_FSII 2012-04-07
company_FSL 2012-04-07
company_FSLR 2012-04-07
company_FSNN_OB 2012-04-07
company_FSTW_PK 2012-04-07
company_FTE 2012-04-07
company_FTNT 2012-04-07
company_FTR 2012-04-07
company_FTWR 2012-04-07
company_FULO_OB 2012-04-07
company_GAME 2012-04-07
company_GAXC_OB 2012-04-07
company_GCMI_PK 2012-04-07
company_GCOM 2012-04-07
company_GEEK_OB 2012-04-07
company_GEOY 2012-04-07
company_GGOX_OB 2012-04-07
company_GIB 2012-04-07
company_GIGA 2012-04-07
company_GIGM 2012-04-07
company_GILT 2012-04-07
company_GKNT 2012-04-07
company_GLOW_OB 2012-04-07
company_GLUU 2012-04-07
company_GLW 2012-04-07
company_GMPW_PK 2012-04-07
company_GNCMA 2012-04-07
company_GOJO_OB 2012-04-07
company_GOOG 2012-04-07
company_GRMN 2012-04-07
company_GRRF 2012-04-07
company_GRVY 2012-04-07
company_GSAT 2012-04-07
company_GSB 2012-04-07
company_GSIG 2012-04-07
company_GSIT 2012-04-07
company_GSOL 2012-04-07
company_GTAT 2012-04-07
company_GTLT_OB 2012-04-07
company_GUID 2012-04-07
company_GVP 2012-04-07
company_HAUP 2012-04-07
company_HAXS_PK 2012-04-07
company_HEII_PK 2012-04-07
company_HICKA_PK 2012-04-07
company_HILL 2012-04-07
company_HIMX 2012-04-07
company_HITT 2012-04-07
company_HLIT 2012-04-07
company_HLTOY_PK 2012-04-07
company_HOKU 2012-04-07
company_HPQ 2012-04-07
company_HRS 2012-04-07
company_HSFT 2012-04-07
company_HSTM 2012-04-07
company_HSWI 2012-04-07
company_HTCH 2012-04-07
company_HTCO 2012-04-07
company_HURC 2012-04-07
company_HUTC_OB 2012-04-07
company_IAGI_PK 2012-04-07
company_IAIC_OB 2012-04-07
company_IBM 2012-04-07
company_IBSS_PK 2012-04-07
company_ICAD 2012-04-07
company_ICCO_PK 2012-04-07
company_ICGE 2012-04-07
company_ICRD_OB 2012-04-07
company_IDCC 2012-04-07
company_IDIBQ_PK 2012-04-07
company_IDN 2012-04-07
company_IDSY 2012-04-07
company_IDT 2012-04-07
company_IDTI 2012-04-07
company_IEC 2012-04-07
company_IFSC_PK 2012-04-07
company_IGLD 2012-04-07
company_IGOI 2012-04-07
company_IGT 2012-04-07
company_IGTE 2012-04-07
company_IHS 2012-04-07
company_IIG 2012-04-07
company_IIJI 2012-04-07
company_IIT 2012-04-07
company_IIVI 2012-04-07
company_IKAN 2012-04-07
company_IL 2012-04-07
company_IMMR 2012-04-07
company_IMN 2012-04-07
company_IMOS 2012-04-07
company_IMTL_PK 2012-04-07
company_IN 2012-04-07
company_INAP 2012-04-07
company_INFA 2012-04-07
company_INFN 2012-04-07
company_INFY 2012-04-07
company_ININ 2012-04-07
company_INIS_OB 2012-04-07
company_INIV_PK 2012-04-07
company_INNU_PK 2012-04-07
company_INOD 2012-04-07
company_INOW_PK 2012-04-07
company_INPH 2012-04-07
company_INS 2012-04-07
company_INSP 2012-04-07
company_INSQ_PK 2012-04-07
company_INTC 2012-04-07
company_INTT 2012-04-07
company_INTU 2012-04-07
company_INTZ_OB 2012-04-07
company_INVA_OB 2012-04-07
company_INVC_PK 2012-04-07
company_INVE 2012-04-07
company_INXN 2012-04-07
company_IO 2012-04-07
company_IPAS 2012-04-07
company_IPGP 2012-04-07
company_IPHI 2012-04-07
company_IRDM 2012-04-07
company_IRF 2012-04-07
company_IRIS 2012-04-07
company_IRM 2012-04-07
company_IRSN_OB 2012-04-07
company_ISCR_PK 2012-04-07
company_ISEC_OB 2012-04-07
company_ISIL 2012-04-07
company_ISMAY_PK 2012-04-07
company_ISNS 2012-04-07
company_ISS 2012-04-07
company_ISSC 2012-04-07
company_ISSI 2012-04-07
company_ISTC_PK 2012-04-07
company_IT 2012-04-07
company_ITI 2012-04-07
company_ITKG_OB 2012-04-07
company_ITRI 2012-04-07
company_ITRN 2012-04-07
company_ITSI_OB 2012-04-07
company_IVAC 2012-04-07
company_IVOI_PK 2012-04-07
company_IWEB_OB 2012-04-07
company_IWSY_PK 2012-04-07
company_IXYS 2012-04-07
company_JASO 2012-04-07
company_JBL 2012-04-07
company_JCDA 2012-04-07
company_JCOM 2012-04-07
company_JCS 2012-04-07
company_JDAS 2012-04-07
company_JDSU 2012-04-07
company_JGPK_OB 2012-04-07
company_JKHY 2012-04-07
company_JNGW 2012-04-07
company_JNPR 2012-04-07
company_JRJC 2012-04-07
company_JST 2012-04-07
company_KBALB 2012-04-07
company_KBAS_PK 2012-04-07
company_KEM 2012-04-07
company_KEQU 2012-04-07
company_KEYN 2012-04-07
company_KEYW 2012-04-07
company_KIWB_OB 2012-04-07
company_KKPNY_PK 2012-04-07
company_KLAC 2012-04-07
company_KLIC 2012-04-07
company_KLMK_PK 2012-04-07
company_KNM 2012-04-07
company_KNOL 2012-04-07
company_KNXA 2012-04-07
company_KONE 2012-04-07
company_KONG 2012-04-07
company_KOPN 2012-04-07
company_KT 2012-04-07
company_KTCC 2012-04-07
company_KVHI 2012-04-07
company_KYO 2012-04-07
company_LAVA 2012-04-07
company_LCRY 2012-04-07
company_LDK 2012-04-07
company_LDR 2012-04-07
company_LEAP 2012-04-07
company_LEDR 2012-04-07
company_LEDS 2012-04-07
company_LGL 2012-04-07
company_LIME 2012-04-07
company_LIVE 2012-04-07
company_LLTC 2012-04-07
company_LNKD 2012-04-07
company_LOCM 2012-04-07
company_LOGC_PK 2012-04-07
company_LOGM 2012-04-07
company_LOOK 2012-04-07
company_LORL 2012-04-07
company_LPHCQ_PK 2012-04-07
company_LPL 2012-04-07
company_LPTH 2012-04-07
company_LQDT 2012-04-07
company_LRAD 2012-04-07
company_LRCX 2012-04-07
company_LSCC 2012-04-07
company_LSI 2012-04-07
company_LTON 2012-04-07
company_LTRX 2012-04-07
company_LTTC_OB 2012-04-07
company_LTXC 2012-04-07
company_LVLT 2012-04-07
company_LVWR_PK 2012-04-07
company_LXK 2012-04-07
company_LYRI_OB 2012-04-07
company_MAIL 2012-04-07
company_MANH 2012-04-07
company_MANT 2012-04-07
company_MATR 2012-04-07
company_MBND 2012-04-07
company_MBT 2012-04-07
company_MCHP 2012-04-07
company_MCRL 2012-04-07
company_MCRS 2012-04-07
company_MCZ 2012-04-07
company_MDAS 2012-04-07
company_MDRX 2012-04-07
company_MDSO 2012-04-07
company_MEAD 2012-04-07
company_MEAS 2012-04-07
company_MEDH 2012-04-07
company_MEDW 2012-04-07
company_MEI 2012-04-07
company_MEMS 2012-04-07
company_MENT 2012-04-07
company_MERU 2012-04-07
company_MFCO_OB 2012-04-07
company_MFLX 2012-04-07
company_MGIC 2012-04-07
company_MHME_PK 2012-04-07
company_MIPS 2012-04-07
company_MITK 2012-04-07
company_MITL 2012-04-07
company_MKTG 2012-04-07
company_MLNK 2012-04-07
company_MLNX 2012-04-07
company_MLOG_PK 2012-04-07
company_MMI 2012-04-07
company_MMRF_OB 2012-04-07
company_MMUS 2012-04-07
company_MNDO 2012-04-07
company_MOBI 2012-04-07
company_MOCO 2012-04-07
company_MOLX 2012-04-07
company_MORN 2012-04-07
company_MOSY 2012-04-07
company_MOTR 2012-04-07
company_MOVE 2012-04-07
company_MPAD_OB 2012-04-07
company_MPWR 2012-04-07
company_MRCY 2012-04-07
company_MRGE 2012-04-07
company_MRVL 2012-04-07
company_MSCC 2012-04-07
company_MSCI 2012-04-07
company_MSFT 2012-04-07
company_MSI 2012-04-07
company_MSPD 2012-04-07
company_MSTR 2012-04-07
company_MTE 2012-04-07
company_MTMC_PK 2012-04-07
company_MTSC 2012-04-07
company_MTSL 2012-04-07
company_MTSN 2012-04-07
company_MTVO_PK 2012-04-07
company_MU 2012-04-07
company_MVIS 2012-04-07
company_MX 2012-04-07
company_MXIM 2012-04-07
company_MXL 2012-04-07
company_MXT 2012-04-07
company_MXWL 2012-04-07
company_MYTAY_PK 2012-04-07
company_N 2012-04-07
company_NANO 2012-04-07
company_NATI 2012-04-07
company_NCIT 2012-04-07
company_NCR 2012-04-07
company_NCTY 2012-04-07
company_NEI 2012-04-07
company_NEOM_OB 2012-04-07
company_NETC 2012-04-07
company_NETL 2012-04-07
company_NEWN 2012-04-07
company_NEWP 2012-04-07
company_NEXS 2012-04-07
company_NICE 2012-04-07
company_NINE 2012-04-07
company_NLSN 2012-04-07
company_NLST 2012-04-07
company_NMRX 2012-04-07
company_NMXC_OB 2012-04-07
company_NOIZ 2012-04-07
company_NOK 2012-04-07
company_NPDTE_OB 2012-04-07
company_NPSNY_PK 2012-04-07
company_NPTN 2012-04-07
company_NQ 2012-04-07
company_NSIT 2012-04-07
company_NSR 2012-04-07
company_NSYS 2012-04-07
company_NTAP 2012-04-07
company_NTCT 2012-04-07
company_NTDOF_PK 2012-04-07
company_NTE 2012-04-07
company_NTES 2012-04-07
company_NTFY_PK 2012-04-07
company_NTGR 2012-04-07
company_NTL 2012-04-07
company_NTLNF_OB 2012-04-07
company_NTLS 2012-04-07
company_NTT 2012-04-07
company_NTWK 2012-04-07
company_NUAN 2012-04-07
company_NUBL_PK 2012-04-07
company_NULM_OB 2012-04-07
company_NVDA 2012-04-07
company_NVEC 2012-04-07
company_NVLS 2012-04-07
company_NVTL 2012-04-07
company_NWBD_PK 2012-04-07
company_NWK 2012-04-07
company_NWMT_PK 2012-04-07
company_NXPI 2012-04-07
company_NXPSQ_PK 2012-04-07
company_NZT 2012-04-07
company_OBAS 2012-04-07
company_OCLR 2012-04-07
company_OCZ 2012-04-07
company_OESX 2012-04-07
company_OIIM 2012-04-07
company_OMCL 2012-04-07
company_OMCM_OB 2012-04-07
company_OMTL_PK 2012-04-07
company_ONNN 2012-04-07
company_ONSM 2012-04-07
company_OPLK 2012-04-07
company_OPNT 2012-04-07
company_OPTI_OB 2012-04-07
company_OPWV 2012-04-07
company_OPXT 2012-04-07
company_ORBC 2012-04-07
company_ORBK 2012-04-07
company_ORBT 2012-04-07
company_ORCC 2012-04-07
company_ORCL 2012-04-07
company_ORCT 2012-04-07
company_ORFR_OB 2012-04-07
company_OSIS 2012-04-07
company_OTEX 2012-04-07
company_OTIV 2012-04-07
company_OTT 2012-04-07
company_OVRL 2012-04-07
company_OVTI 2012-04-07
company_OYOG 2012-04-07
company_PANL 2012-04-07
company_PCCWY_PK 2012-04-07
company_PCIR_PK 2012-04-07
company_PCS 2012-04-07
company_PCTI 2012-04-07
company_PCYG 2012-04-07
company_PCYS_PK 2012-04-07
company_PDFS 2012-04-07
company_PEGA 2012-04-07
company_PGI 2012-04-07
company_PHI 2012-04-07
company_PHPG_OB 2012-04-07
company_PIMO_OB 2012-04-07
company_PKE 2012-04-07
company_PKT 2012-04-07
company_PLAB 2012-04-07
company_PLCM 2012-04-07
company_PLNR 2012-04-07
company_PLT 2012-04-07
company_PLUS 2012-04-07
company_PLXS 2012-04-07
company_PLXT 2012-04-07
company_PMCS 2012-04-07
company_PMTC 2012-04-07
company_PNS 2012-04-07
company_POWI 2012-04-07
company_PRCP 2012-04-07
company_PRFT 2012-04-07
company_PRGS 2012-04-07
company_PRKR 2012-04-07
company_PRO 2012-04-07
company_PROJ 2012-04-07
company_PRXM_PK 2012-04-07
company_PSCO_PK 2012-04-07
company_PSEM 2012-04-07
company_PSID_OB 2012-04-07
company_PSOF 2012-04-07
company_PSSR_PK 2012-04-07
company_PT 2012-04-07
company_PTI 2012-04-07
company_PTIX 2012-04-07
company_PTNR 2012-04-07
company_PTSC_OB 2012-04-07
company_PULS 2012-04-07
company_PVSW 2012-04-07
company_PWAV 2012-04-07
company_PWEB_PK 2012-04-07
company_PWER 2012-04-07
company_PWRD 2012-04-07
company_PXLW 2012-04-07
company_QADA 2012-04-07
company_QBAK 2012-04-07
company_QCOM 2012-04-07
company_QIHU 2012-04-07
company_QLGC 2012-04-07
company_QLIK 2012-04-07
company_QPSA 2012-04-07
company_QSFT 2012-04-07
company_QSII 2012-04-07
company_QSND_PK 2012-04-07
company_QTM 2012-04-07
company_QUIK 2012-04-07
company_QXM 2012-04-07
company_RATE 2012-04-07
company_RAVN 2012-04-07
company_RAX 2012-04-07
company_RBCN 2012-04-07
company_RCI 2012-04-07
company_RDA 2012-04-07
company_RDCM 2012-04-07
company_RDVWF_OB 2012-04-07
company_RDWR 2012-04-07
company_REDF 2012-04-07
company_RENN 2012-04-07
company_RFIL 2012-04-07
company_RFMD 2012-04-07
company_RFMI 2012-04-07
company_RHT 2012-04-07
company_RHXI_PK 2012-04-07
company_RIMG 2012-04-07
company_RITT 2012-04-07
company_RMBS 2012-04-07
company_RMTR 2012-04-07
company_RNET 2012-04-07
company_RNIN 2012-04-07
company_RNOW 2012-04-07
company_RNWK 2012-04-07
company_ROP 2012-04-07
company_ROSYY_PK 2012-04-07
company_ROVI 2012-04-07
company_RP 2012-04-07
company_RPID_PK 2012-04-07
company_RPTN_PK 2012-04-07
company_RRST 2012-04-07
company_RST 2012-04-07
company_RSTI 2012-04-07
company_RSYS 2012-04-07
company_RTEC 2012-04-07
company_RTLX 2012-04-07
company_RVBD 2012-04-07
company_RVSN 2012-04-07
company_RWC 2012-04-07
company_S 2012-04-07
company_SAAS 2012-04-07
company_SABA 2012-04-07
company_SAJA_OB 2012-04-07
company_SANM 2012-04-07
company_SAP 2012-04-07
company_SAPE 2012-04-07
company_SATC 2012-04-07
company_SATS 2012-04-07
company_SAYCY_PK 2012-04-07
company_SBAY_PK 2012-04-07
company_SBJX_PK 2012-04-07
company_SCKT 2012-04-07
company_SCMR 2012-04-07
company_SCMWY_PK 2012-04-07
company_SCNWF_PK 2012-04-07
company_SCON 2012-04-07
company_SCSC 2012-04-07
company_SCUC_PK 2012-04-07
company_SDNA_PK 2012-04-07
company_SDON_OB 2012-04-07
company_SEAC 2012-04-07
company_SFOR_OB 2012-04-07
company_SFSF 2012-04-07
company_SFUN 2012-04-07
company_SGAMY_PK 2012-04-07
company_SGI 2012-04-07
company_SGK 2012-04-07
company_SGMA 2012-04-07
company_SGPYY_PK 2012-04-07
company_SHEN 2012-04-07
company_SHOR 2012-04-07
company_SI 2012-04-07
company_SIFY 2012-04-07
company_SIGM 2012-04-07
company_SILC 2012-04-07
company_SIMC_PK 2012-04-07
company_SIMG 2012-04-07
company_SIMO 2012-04-07
company_SINA 2012-04-07
company_SKM 2012-04-07
company_SLAB 2012-04-07
company_SLH 2012-04-07
company_SLI 2012-04-07
company_SLNM_PK 2012-04-07
company_SLP 2012-04-07
company_SLTC 2012-04-07
company_SMCI 2012-04-07
company_SMI 2012-04-07
company_SMIT 2012-04-07
company_SMRL_PK 2012-04-07
company_SMSC 2012-04-07
company_SMSI 2012-04-07
company_SMTC 2012-04-07
company_SMTX 2012-04-07
company_SNCR 2012-04-07
company_SNDA 2012-04-07
company_SNDK 2012-04-07
company_SNDTF_OB 2012-04-07
company_SNPS 2012-04-07
company_SODI_OB 2012-04-07
company_SOFO 2012-04-07
company_SOFT_PK 2012-04-07
company_SOHU 2012-04-07
company_SOL 2012-04-07
company_SONE 2012-04-07
company_SONS 2012-04-07
company_SPA 2012-04-07
company_SPDE_PK 2012-04-07
company_SPHE_PK 2012-04-07
company_SPIR 2012-04-07
company_SPNS 2012-04-07
company_SPRD 2012-04-07
company_SPRT 2012-04-07
company_SPWRA 2012-04-07
company_SQI 2012-04-07
company_SQNS 2012-04-07
company_SREV 2012-04-07
company_SRMC_OB 2012-04-07
company_SRSL 2012-04-07
company_SSNC 2012-04-07
company_SSYS 2012-04-07
company_STEC 2012-04-07
company_STM 2012-04-07
company_STP 2012-04-07
company_STRM 2012-04-07
company_STRN 2012-04-07
company_STV 2012-04-07
company_STX 2012-04-07
company_SUPX 2012-04-07
company_SUQU_PK 2012-04-07
company_SURW 2012-04-07
company_SWI 2012-04-07
company_SWKS 2012-04-07
company_SXCI 2012-04-07
company_SYKE 2012-04-07
company_SYMC 2012-04-07
company_SYMM 2012-04-07
company_SYNA 2012-04-07
company_SYNT 2012-04-07
company_SYPR 2012-04-07
company_SYTE_OB 2012-04-07
company_SYX 2012-04-07
company_T 2012-04-07
company_TACT 2012-04-07
company_TBIO_OB 2012-04-07
company_TBOW 2012-04-07
company_TBUS 2012-04-07
company_TCCO 2012-04-07
company_TCL 2012-04-07
company_TCNH_OB 2012-04-07
company_TCX 2012-04-07
company_TDC 2012-04-07
company_TDS 2012-04-07
company_TEF 2012-04-07
company_TEL 2012-04-07
company_TELNF_PK 2012-04-07
company_TEO 2012-04-07
company_TER 2012-04-07
company_TGAL 2012-04-07
company_THQI 2012-04-07
company_TI 2012-04-07
company_TIBX 2012-04-07
company_TIER 2012-04-07
company_TIGR 2012-04-07
company_TIK 2012-04-07
company_TISA 2012-04-07
company_TITAF_OB 2012-04-07
company_TKAGY_PK 2012-04-07
company_TKC 2012-04-07
company_TKLC 2012-04-07
company_TKOI_OB 2012-04-07
company_TLAB 2012-04-07
company_TLEO 2012-04-07
company_TLK 2012-04-07
company_TLKGY_PK 2012-04-07
company_TLLE_OB 2012-04-07
company_TLSRP_PK 2012-04-07
company_TMX 2012-04-07
company_TNAV 2012-04-07
company_TNDM 2012-04-07
company_TNE 2012-04-07
company_TNGO 2012-04-07
company_TNS 2012-04-07
company_TPPPF_PK 2012-04-07
company_TQNT 2012-04-07
company_TRAC_PK 2012-04-07
company_TRAK 2012-04-07
company_TRI 2012-04-07
company_TRID 2012-04-07
company_TRMB 2012-04-07
company_TRNS 2012-04-07
company_TRT 2012-04-07
company_TSEM 2012-04-07
company_TSL 2012-04-07
company_TSM 2012-04-07
company_TSRA 2012-04-07
company_TSRI 2012-04-07
company_TST 2012-04-07
company_TSTC 2012-04-07
company_TSTRQ_PK 2012-04-07
company_TSU 2012-04-07
company_TSYS 2012-04-07
company_TTGT 2012-04-07
company_TTMI 2012-04-07
company_TTWO 2012-04-07
company_TU 2012-04-07
company_TUDO 2012-04-07
company_TWER 2012-04-07
company_TWTC 2012-04-07
company_TXCC 2012-04-07
company_TXN 2012-04-07
company_TYL 2012-04-07
company_TYPE 2012-04-07
company_TZOO 2012-04-07
company_UBIX_PK 2012-04-07
company_UBNT 2012-04-07
company_UCTT 2012-04-07
company_UDWK_OB 2012-04-07
company_UIS 2012-04-07
company_ULTI 2012-04-07
company_UMC 2012-04-07
company_UNDT_OB 2012-04-07
company_UNLA_OB 2012-04-07
company_UNTK 2012-04-07
company_USM 2012-04-07
company_USMO 2012-04-07
company_UTEK 2012-04-07
company_UTSI 2012-04-07
company_VCLK 2012-04-07
company_VCST_OB 2012-04-07
company_VCSY_OB 2012-04-07
company_VDSI 2012-04-07
company_VECO 2012-04-07
company_VELT 2012-04-07
company_VERA_PK 2012-04-07
company_VG 2012-04-07
company_VHC 2012-04-07
company_VICR 2012-04-07
company_VIDE 2012-04-07
company_VII 2012-04-07
company_VIMC 2012-04-07
company_VIP 2012-04-07
company_VIT 2012-04-07
company_VIV 2012-04-07
company_VLDI_PK 2012-04-07
company_VLTR 2012-04-07
company_VMII_PK 2012-04-07
company_VMW 2012-04-07
company_VNET 2012-04-07
company_VOCS 2012-04-07
company_VOD 2012-04-07
company_VOYT_PK 2012-04-07
company_VPF 2012-04-07
company_VPG 2012-04-07
company_VRCC_PK 2012-04-07
company_VRNG 2012-04-07
company_VRNT 2012-04-07
company_VRSN 2012-04-07
company_VRTU 2012-04-07
company_VRYAF_PK 2012-04-07
company_VSAT 2012-04-07
company_VSEA 2012-04-07
company_VSH 2012-04-07
company_VSNT 2012-04-07
company_VTRO 2012-04-07
company_VTSS 2012-04-07
company_VZ 2012-04-07
company_WAVE_PK 2012-04-07
company_WAVX 2012-04-07
company_WBMD 2012-04-07
company_WBSN 2012-04-07
company_WDC 2012-04-07
company_WEBM 2012-04-07
company_WEX 2012-04-07
company_WFR 2012-04-07
company_WGA 2012-04-07
company_WGMI_OB 2012-04-07
company_WIFI 2012-04-07
company_WIN 2012-04-07
company_WIT 2012-04-07
company_WNYN_OB 2012-04-07
company_WPCS 2012-04-07
company_WQNI_PK 2012-04-07
company_WRLS 2012-04-07
company_WSTL 2012-04-07
company_WSTMF_OB 2012-04-07
company_WTKWY_PK 2012-04-07
company_WTT 2012-04-07
company_WWVY 2012-04-07
company_WWWW 2012-04-07
company_WZE 2012-04-07
company_XATA 2012-04-07
company_XDSL_OB 2012-04-07
company_XFN 2012-04-07
company_XLNX 2012-04-07
company_XRTX 2012-04-07
company_XXIA 2012-04-07
company_YGE 2012-04-07
company_YHOO 2012-04-07
company_YNDX 2012-04-07
company_YOKU 2012-04-07
company_YTEC 2012-04-07
company_ZANE_PK 2012-04-07
company_ZAOFF_PK 2012-04-07
company_ZBRA 2012-04-07
company_ZHNE 2012-04-07
company_ZIGO 2012-04-07
company_ZIXI 2012-04-07
company_ZMTP_OB 2012-04-07
company_ZOOG 2012-04-07
company_ZOOM 2012-04-07
company_ZSTN 2012-04-07
